0 verbose cli /home/ec2-user/.nvm/versions/node/v16.19.0/bin/node /home/ec2-user/.nvm/versions/node/v16.19.0/bin/npm
1 info using npm@8.19.3
2 info using node@v16.19.0
3 timing npm:load:whichnode Completed in 0ms
4 timing config:load:defaults Completed in 2ms
5 timing config:load:file:/home/ec2-user/.nvm/versions/node/v16.19.0/lib/node_modules/npm/npmrc Completed in 0ms
6 timing config:load:builtin Completed in 0ms
7 timing config:load:cli Completed in 13ms
8 timing config:load:env Completed in 0ms
9 timing config:load:project Completed in 5ms
10 timing config:load:file:/home/ec2-user/.npmrc Completed in 1ms
11 timing config:load:user Completed in 2ms
12 timing config:load:file:/home/ec2-user/.nvm/versions/node/v16.19.0/etc/npmrc Completed in 0ms
13 timing config:load:global Completed in 0ms
14 timing config:load:validate Completed in 0ms
15 timing config:load:credentials Completed in 1ms
16 timing config:load:setEnvs Completed in 0ms
17 timing config:load Completed in 24ms
18 timing npm:load:configload Completed in 24ms
19 timing npm:load:mkdirpcache Completed in 0ms
20 timing npm:load:mkdirplogs Completed in 1ms
21 verbose title npm install prettier esformatter js-beautify
22 verbose argv "install" "--global" "prettier" "esformatter" "js-beautify"
23 timing npm:load:setTitle Completed in 1ms
24 timing config:load:flatten Completed in 2ms
25 timing npm:load:display Completed in 2ms
26 verbose logfile logs-max:10 dir:/home/ec2-user/.npm/_logs
27 verbose logfile /home/ec2-user/.npm/_logs/2023-01-29T22_50_11_796Z-debug-0.log
28 timing npm:load:logFile Completed in 3ms
29 timing npm:load:timers Completed in 1ms
30 timing npm:load:configScope Completed in 0ms
31 timing npm:load Completed in 33ms
32 timing arborist:ctor Completed in 1ms
33 silly logfile done cleaning log files
34 timing idealTree:init Completed in 5ms
35 timing idealTree:userRequests Completed in 2ms
36 silly idealTree buildDeps
37 silly fetch manifest prettier@*
38 http fetch GET 200 https://registry.npmjs.org/prettier 94ms (cache miss)
39 silly fetch manifest esformatter@*
40 http fetch GET 200 https://registry.npmjs.org/esformatter 33ms (cache miss)
41 silly fetch manifest js-beautify@*
42 http fetch GET 200 https://registry.npmjs.org/js-beautify 40ms (cache miss)
43 silly placeDep ROOT esformatter@0.11.3 OK for:  want: *
44 silly placeDep ROOT js-beautify@1.14.7 OK for:  want: *
45 silly placeDep ROOT prettier@2.8.3 OK for:  want: *
46 silly fetch manifest acorn-to-esprima@^2.0.6
47 silly fetch manifest babel-traverse@^6.4.5
48 silly fetch manifest debug@^4.1.1
49 silly fetch manifest disparity@^3.0.0
50 silly fetch manifest esformatter-parser@^1.0.0
51 silly fetch manifest glob@^7.1.6
52 silly fetch manifest minimatch@^3.0.2
53 silly fetch manifest minimist@^1.2.5
54 silly fetch manifest mout@^1.2.2
55 silly fetch manifest npm-run@^5.0.1
56 silly fetch manifest resolve@^1.15.1
57 silly fetch manifest rocambole@>=0.7 <2.0
58 silly fetch manifest rocambole-indent@^2.0.4
59 silly fetch manifest rocambole-linebreak@^1.0.2
60 silly fetch manifest rocambole-node@~1.0
61 silly fetch manifest rocambole-token@^1.1.2
62 silly fetch manifest rocambole-whitespace@^1.0.0
63 silly fetch manifest stdin@*
64 silly fetch manifest strip-json-comments@^3.0.1
65 silly fetch manifest supports-color@^7.1.0
66 silly fetch manifest user-home@^2.0.0
67 silly fetch manifest config-chain@^1.1.13
68 silly fetch manifest editorconfig@^0.15.3
69 silly fetch manifest glob@^8.0.3
70 silly fetch manifest nopt@^6.0.0
71 http fetch GET 200 https://registry.npmjs.org/minimist 54ms (cache hit)
72 http fetch GET 200 https://registry.npmjs.org/acorn-to-esprima 59ms (cache miss)
73 http fetch GET 200 https://registry.npmjs.org/rocambole-whitespace 66ms (cache miss)
74 http fetch GET 200 https://registry.npmjs.org/esformatter-parser 109ms (cache miss)
75 http fetch GET 200 https://registry.npmjs.org/stdin 108ms (cache miss)
76 http fetch GET 200 https://registry.npmjs.org/rocambole-node 112ms (cache miss)
77 http fetch GET 200 https://registry.npmjs.org/npm-run 137ms (cache miss)
78 http fetch GET 200 https://registry.npmjs.org/mout 150ms (cache miss)
79 http fetch GET 200 https://registry.npmjs.org/user-home 152ms (cache miss)
80 http fetch GET 200 https://registry.npmjs.org/rocambole-token 157ms (cache miss)
81 http fetch GET 200 https://registry.npmjs.org/supports-color 157ms (cache miss)
82 http fetch GET 200 https://registry.npmjs.org/nopt 150ms (cache miss)
83 http fetch GET 200 https://registry.npmjs.org/strip-json-comments 160ms (cache miss)
84 http fetch GET 200 https://registry.npmjs.org/rocambole-indent 163ms (cache miss)
85 http fetch GET 200 https://registry.npmjs.org/config-chain 159ms (cache miss)
86 http fetch GET 200 https://registry.npmjs.org/rocambole 166ms (cache miss)
87 http fetch GET 200 https://registry.npmjs.org/editorconfig 160ms (cache miss)
88 http fetch GET 200 https://registry.npmjs.org/disparity 173ms (cache miss)
89 http fetch GET 200 https://registry.npmjs.org/babel-traverse 176ms (cache miss)
90 http fetch GET 200 https://registry.npmjs.org/glob 173ms (cache miss)
91 http fetch GET 200 https://registry.npmjs.org/debug 178ms (cache miss)
92 http fetch GET 200 https://registry.npmjs.org/glob 165ms (cache miss)
93 http fetch GET 200 https://registry.npmjs.org/resolve 178ms (cache miss)
94 http fetch GET 200 https://registry.npmjs.org/minimatch 182ms (cache miss)
95 http fetch GET 200 https://registry.npmjs.org/rocambole-linebreak 232ms (cache miss)
96 timing idealTree:#root Completed in 424ms
97 silly placeDep node_modules/esformatter acorn-to-esprima@2.0.8 OK for: esformatter@0.11.3 want: ^2.0.6
98 silly placeDep node_modules/esformatter babel-traverse@6.26.0 OK for: esformatter@0.11.3 want: ^6.4.5
99 silly placeDep node_modules/esformatter debug@4.3.4 OK for: esformatter@0.11.3 want: ^4.1.1
100 silly placeDep node_modules/esformatter disparity@3.2.0 OK for: esformatter@0.11.3 want: ^3.0.0
101 silly placeDep node_modules/esformatter esformatter-parser@1.0.0 OK for: esformatter@0.11.3 want: ^1.0.0
102 silly placeDep node_modules/esformatter glob@7.2.3 OK for: esformatter@0.11.3 want: ^7.1.6
103 silly placeDep node_modules/esformatter minimatch@3.1.2 OK for: esformatter@0.11.3 want: ^3.0.2
104 silly placeDep node_modules/esformatter minimist@1.2.7 OK for: esformatter@0.11.3 want: ^1.2.5
105 silly placeDep node_modules/esformatter mout@1.2.4 OK for: esformatter@0.11.3 want: ^1.2.2
106 silly placeDep node_modules/esformatter npm-run@5.0.1 OK for: esformatter@0.11.3 want: ^5.0.1
107 silly placeDep node_modules/esformatter resolve@1.22.1 OK for: esformatter@0.11.3 want: ^1.15.1
108 silly placeDep node_modules/esformatter rocambole@0.7.0 OK for: esformatter@0.11.3 want: >=0.7 <2.0
109 silly placeDep node_modules/esformatter rocambole-indent@2.0.4 OK for: esformatter@0.11.3 want: ^2.0.4
110 silly placeDep node_modules/esformatter rocambole-linebreak@1.0.2 OK for: esformatter@0.11.3 want: ^1.0.2
111 silly placeDep node_modules/esformatter rocambole-node@1.0.0 OK for: esformatter@0.11.3 want: ~1.0
112 silly placeDep node_modules/esformatter rocambole-token@1.2.1 OK for: esformatter@0.11.3 want: ^1.1.2
113 silly placeDep node_modules/esformatter rocambole-whitespace@1.0.0 OK for: esformatter@0.11.3 want: ^1.0.0
114 silly placeDep node_modules/esformatter stdin@0.0.1 OK for: esformatter@0.11.3 want: *
115 silly placeDep node_modules/esformatter strip-json-comments@3.1.1 OK for: esformatter@0.11.3 want: ^3.0.1
116 silly placeDep node_modules/esformatter supports-color@7.2.0 OK for: esformatter@0.11.3 want: ^7.1.0
117 silly placeDep node_modules/esformatter user-home@2.0.0 OK for: esformatter@0.11.3 want: ^2.0.0
118 silly fetch manifest babel-code-frame@^6.26.0
119 silly fetch manifest babel-messages@^6.23.0
120 silly fetch manifest babel-runtime@^6.26.0
121 silly fetch manifest babel-types@^6.26.0
122 silly fetch manifest babylon@^6.18.0
123 silly fetch manifest debug@^2.6.8
124 silly fetch manifest globals@^9.18.0
125 silly fetch manifest invariant@^2.2.2
126 silly fetch manifest lodash@^4.17.4
127 silly fetch manifest ms@2.1.2
128 silly fetch manifest ansi-styles@^4.2.1
129 silly fetch manifest diff@^4.0.2
130 silly fetch manifest babylon@^6.8.0
131 silly fetch manifest fs.realpath@^1.0.0
132 silly fetch manifest inflight@^1.0.4
133 silly fetch manifest inherits@2
134 silly fetch manifest once@^1.3.0
135 silly fetch manifest path-is-absolute@^1.0.0
136 silly fetch manifest brace-expansion@^1.1.7
137 silly fetch manifest npm-path@^2.0.4
138 silly fetch manifest npm-which@^3.0.1
139 silly fetch manifest serializerr@^1.0.3
140 silly fetch manifest is-core-module@^2.9.0
141 silly fetch manifest path-parse@^1.0.7
142 silly fetch manifest supports-preserve-symlinks-flag@^1.0.0
143 silly fetch manifest esprima@^2.1
144 silly fetch manifest debug@^2.1.3
145 silly fetch manifest mout@^0.11.0
146 silly fetch manifest semver@^4.3.1
147 silly fetch manifest repeat-string@^1.5.0
148 silly fetch manifest has-flag@^4.0.0
149 silly fetch manifest os-homedir@^1.0.0
150 http fetch GET 200 https://registry.npmjs.org/esprima 33ms (cache hit)
151 http fetch GET 200 https://registry.npmjs.org/fs.realpath 160ms (cache miss)
152 http fetch GET 200 https://registry.npmjs.org/inherits 159ms (cache miss)
153 http fetch GET 200 https://registry.npmjs.org/path-is-absolute 158ms (cache miss)
154 http fetch GET 200 https://registry.npmjs.org/brace-expansion 157ms (cache miss)
155 http fetch GET 200 https://registry.npmjs.org/supports-preserve-symlinks-flag 154ms (cache miss)
156 http fetch GET 200 https://registry.npmjs.org/path-parse 156ms (cache miss)
157 http fetch GET 200 https://registry.npmjs.org/npm-path 160ms (cache miss)
158 http fetch GET 200 https://registry.npmjs.org/inflight 164ms (cache miss)
159 http fetch GET 200 https://registry.npmjs.org/invariant 171ms (cache miss)
160 http fetch GET 200 https://registry.npmjs.org/os-homedir 153ms (cache miss)
161 http fetch GET 200 https://registry.npmjs.org/has-flag 155ms (cache miss)
162 http fetch GET 200 https://registry.npmjs.org/serializerr 161ms (cache miss)
163 http fetch GET 200 https://registry.npmjs.org/once 166ms (cache miss)
164 http fetch GET 200 https://registry.npmjs.org/repeat-string 158ms (cache miss)
165 http fetch GET 200 https://registry.npmjs.org/npm-which 166ms (cache miss)
166 http fetch GET 200 https://registry.npmjs.org/diff 174ms (cache miss)
167 http fetch GET 200 https://registry.npmjs.org/is-core-module 166ms (cache miss)
168 http fetch GET 200 https://registry.npmjs.org/globals 181ms (cache miss)
169 http fetch GET 200 https://registry.npmjs.org/ms 180ms (cache miss)
170 http fetch GET 200 https://registry.npmjs.org/babel-messages 187ms (cache miss)
171 http fetch GET 200 https://registry.npmjs.org/ansi-styles 183ms (cache miss)
172 http fetch GET 200 https://registry.npmjs.org/semver 170ms (cache miss)
173 http fetch GET 200 https://registry.npmjs.org/babel-code-frame 193ms (cache miss)
174 http fetch GET 200 https://registry.npmjs.org/babylon 185ms (cache miss)
175 http fetch GET 200 https://registry.npmjs.org/lodash 191ms (cache miss)
176 http fetch GET 200 https://registry.npmjs.org/babel-types 195ms (cache miss)
177 http fetch GET 200 https://registry.npmjs.org/babylon 196ms (cache miss)
178 http fetch GET 200 https://registry.npmjs.org/babel-runtime 199ms (cache miss)
179 timing idealTree:node_modules/esformatter Completed in 240ms
180 silly placeDep node_modules/js-beautify config-chain@1.1.13 OK for: js-beautify@1.14.7 want: ^1.1.13
181 silly placeDep node_modules/js-beautify editorconfig@0.15.3 OK for: js-beautify@1.14.7 want: ^0.15.3
182 silly placeDep node_modules/js-beautify glob@8.1.0 OK for: js-beautify@1.14.7 want: ^8.0.3
183 silly placeDep node_modules/js-beautify nopt@6.0.0 OK for: js-beautify@1.14.7 want: ^6.0.0
184 silly fetch manifest proto-list@~1.2.1
185 silly fetch manifest ini@^1.3.4
186 silly fetch manifest commander@^2.19.0
187 silly fetch manifest lru-cache@^4.1.5
188 silly fetch manifest semver@^5.6.0
189 silly fetch manifest sigmund@^1.0.1
190 silly fetch manifest minimatch@^5.0.1
191 silly fetch manifest abbrev@^1.0.0
192 http fetch GET 200 https://registry.npmjs.org/commander 15ms (cache hit)
193 http fetch GET 200 https://registry.npmjs.org/proto-list 43ms (cache miss)
194 http fetch GET 200 https://registry.npmjs.org/ini 43ms (cache miss)
195 http fetch GET 200 https://registry.npmjs.org/abbrev 42ms (cache miss)
196 http fetch GET 200 https://registry.npmjs.org/lru-cache 46ms (cache miss)
197 http fetch GET 200 https://registry.npmjs.org/sigmund 83ms (cache miss)
198 timing idealTree:node_modules/js-beautify Completed in 92ms
199 timing idealTree:node_modules/prettier Completed in 0ms
200 timing idealTree:node_modules/esformatter/node_modules/acorn-to-esprima Completed in 0ms
201 silly placeDep node_modules/esformatter babel-code-frame@6.26.0 OK for: babel-traverse@6.26.0 want: ^6.26.0
202 silly placeDep node_modules/esformatter babel-messages@6.23.0 OK for: babel-traverse@6.26.0 want: ^6.23.0
203 silly placeDep node_modules/esformatter babel-runtime@6.26.0 OK for: babel-traverse@6.26.0 want: ^6.26.0
204 silly placeDep node_modules/esformatter babel-types@6.26.0 OK for: babel-traverse@6.26.0 want: ^6.26.0
205 silly placeDep node_modules/esformatter babylon@6.18.0 OK for: babel-traverse@6.26.0 want: ^6.18.0
206 silly placeDep node_modules/esformatter/node_modules/babel-traverse debug@2.6.9 OK for: babel-traverse@6.26.0 want: ^2.6.8
207 silly placeDep node_modules/esformatter globals@9.18.0 OK for: babel-traverse@6.26.0 want: ^9.18.0
208 silly placeDep node_modules/esformatter invariant@2.2.4 OK for: babel-traverse@6.26.0 want: ^2.2.2
209 silly placeDep node_modules/esformatter lodash@4.17.21 OK for: babel-traverse@6.26.0 want: ^4.17.4
210 silly fetch manifest chalk@^1.1.3
211 silly fetch manifest esutils@^2.0.2
212 silly fetch manifest js-tokens@^3.0.2
213 silly fetch manifest core-js@^2.4.0
214 silly fetch manifest regenerator-runtime@^0.11.0
215 silly fetch manifest to-fast-properties@^1.0.3
216 silly fetch manifest ms@2.0.0
217 silly fetch manifest loose-envify@^1.0.0
218 http fetch GET 200 https://registry.npmjs.org/js-tokens 47ms (cache miss)
219 http fetch GET 200 https://registry.npmjs.org/regenerator-runtime 46ms (cache miss)
220 http fetch GET 200 https://registry.npmjs.org/to-fast-properties 47ms (cache miss)
221 http fetch GET 200 https://registry.npmjs.org/esutils 49ms (cache miss)
222 http fetch GET 200 https://registry.npmjs.org/chalk 51ms (cache miss)
223 http fetch GET 200 https://registry.npmjs.org/loose-envify 48ms (cache miss)
224 http fetch GET 200 https://registry.npmjs.org/core-js 52ms (cache miss)
225 timing idealTree:node_modules/esformatter/node_modules/babel-traverse Completed in 71ms
226 silly placeDep node_modules/esformatter chalk@1.1.3 OK for: babel-code-frame@6.26.0 want: ^1.1.3
227 silly placeDep node_modules/esformatter esutils@2.0.3 OK for: babel-code-frame@6.26.0 want: ^2.0.2
228 silly placeDep node_modules/esformatter js-tokens@3.0.2 OK for: babel-code-frame@6.26.0 want: ^3.0.2
229 silly fetch manifest ansi-styles@^2.2.1
230 silly fetch manifest escape-string-regexp@^1.0.2
231 silly fetch manifest has-ansi@^2.0.0
232 silly fetch manifest strip-ansi@^3.0.0
233 silly fetch manifest supports-color@^2.0.0
234 http fetch GET 200 https://registry.npmjs.org/escape-string-regexp 27ms (cache miss)
235 http fetch GET 200 https://registry.npmjs.org/strip-ansi 35ms (cache miss)
236 http fetch GET 200 https://registry.npmjs.org/has-ansi 37ms (cache miss)
237 timing idealTree:node_modules/esformatter/node_modules/babel-code-frame Completed in 44ms
238 timing idealTree:node_modules/esformatter/node_modules/babel-messages Completed in 0ms
239 silly placeDep node_modules/esformatter core-js@2.6.12 OK for: babel-runtime@6.26.0 want: ^2.4.0
240 silly placeDep node_modules/esformatter regenerator-runtime@0.11.1 OK for: babel-runtime@6.26.0 want: ^0.11.0
241 timing idealTree:node_modules/esformatter/node_modules/babel-runtime Completed in 2ms
242 silly placeDep node_modules/esformatter to-fast-properties@1.0.3 OK for: babel-types@6.26.0 want: ^1.0.3
243 timing idealTree:node_modules/esformatter/node_modules/babel-types Completed in 1ms
244 timing idealTree:node_modules/esformatter/node_modules/babylon Completed in 0ms
245 silly placeDep node_modules/esformatter ansi-styles@2.2.1 OK for: chalk@1.1.3 want: ^2.2.1
246 silly placeDep node_modules/esformatter escape-string-regexp@1.0.5 OK for: chalk@1.1.3 want: ^1.0.2
247 silly placeDep node_modules/esformatter has-ansi@2.0.0 OK for: chalk@1.1.3 want: ^2.0.0
248 silly placeDep node_modules/esformatter strip-ansi@3.0.1 OK for: chalk@1.1.3 want: ^3.0.0
249 silly placeDep node_modules/esformatter/node_modules/chalk supports-color@2.0.0 OK for: chalk@1.1.3 want: ^2.0.0
250 silly fetch manifest ansi-regex@^2.0.0
251 http fetch GET 200 https://registry.npmjs.org/ansi-regex 34ms (cache miss)
252 timing idealTree:node_modules/esformatter/node_modules/chalk Completed in 40ms
253 timing idealTree:node_modules/esformatter/node_modules/ansi-styles Completed in 0ms
254 timing idealTree:node_modules/esformatter/node_modules/core-js Completed in 0ms
255 silly placeDep node_modules/esformatter ms@2.1.2 OK for: debug@4.3.4 want: 2.1.2
256 timing idealTree:node_modules/esformatter/node_modules/debug Completed in 1ms
257 silly placeDep node_modules/esformatter/node_modules/disparity ansi-styles@4.3.0 OK for: disparity@3.2.0 want: ^4.2.1
258 silly placeDep node_modules/esformatter diff@4.0.2 OK for: disparity@3.2.0 want: ^4.0.2
259 silly fetch manifest color-convert@^2.0.1
260 http fetch GET 200 https://registry.npmjs.org/color-convert 43ms (cache miss)
261 timing idealTree:node_modules/esformatter/node_modules/disparity Completed in 47ms
262 timing idealTree:node_modules/esformatter/node_modules/diff Completed in 0ms
263 timing idealTree:node_modules/esformatter/node_modules/escape-string-regexp Completed in 0ms
264 timing idealTree:node_modules/esformatter/node_modules/esformatter-parser Completed in 0ms
265 timing idealTree:node_modules/esformatter/node_modules/esutils Completed in 0ms
266 silly placeDep node_modules/esformatter fs.realpath@1.0.0 OK for: glob@7.2.3 want: ^1.0.0
267 silly placeDep node_modules/esformatter inflight@1.0.6 OK for: glob@7.2.3 want: ^1.0.4
268 silly placeDep node_modules/esformatter inherits@2.0.4 OK for: glob@7.2.3 want: 2
269 silly placeDep node_modules/esformatter once@1.4.0 OK for: glob@7.2.3 want: ^1.3.0
270 silly placeDep node_modules/esformatter path-is-absolute@1.0.1 OK for: glob@7.2.3 want: ^1.0.0
271 silly fetch manifest wrappy@1
272 http fetch GET 200 https://registry.npmjs.org/wrappy 29ms (cache miss)
273 timing idealTree:node_modules/esformatter/node_modules/glob Completed in 38ms
274 timing idealTree:node_modules/esformatter/node_modules/fs.realpath Completed in 0ms
275 timing idealTree:node_modules/esformatter/node_modules/globals Completed in 0ms
276 silly placeDep node_modules/esformatter ansi-regex@2.1.1 OK for: has-ansi@2.0.0 want: ^2.0.0
277 timing idealTree:node_modules/esformatter/node_modules/has-ansi Completed in 1ms
278 timing idealTree:node_modules/esformatter/node_modules/ansi-regex Completed in 0ms
279 silly placeDep node_modules/esformatter wrappy@1.0.2 OK for: inflight@1.0.6 want: 1
280 timing idealTree:node_modules/esformatter/node_modules/inflight Completed in 1ms
281 timing idealTree:node_modules/esformatter/node_modules/inherits Completed in 0ms
282 silly placeDep node_modules/esformatter loose-envify@1.4.0 OK for: invariant@2.2.4 want: ^1.0.0
283 timing idealTree:node_modules/esformatter/node_modules/invariant Completed in 1ms
284 timing idealTree:node_modules/esformatter/node_modules/js-tokens Completed in 0ms
285 timing idealTree:node_modules/esformatter/node_modules/lodash Completed in 0ms
286 timing idealTree:node_modules/esformatter/node_modules/loose-envify Completed in 0ms
287 silly placeDep node_modules/esformatter brace-expansion@1.1.11 OK for: minimatch@3.1.2 want: ^1.1.7
288 silly fetch manifest balanced-match@^1.0.0
289 silly fetch manifest concat-map@0.0.1
290 http fetch GET 200 https://registry.npmjs.org/balanced-match 38ms (cache miss)
291 http fetch GET 200 https://registry.npmjs.org/concat-map 37ms (cache miss)
292 timing idealTree:node_modules/esformatter/node_modules/minimatch Completed in 41ms
293 silly placeDep node_modules/esformatter balanced-match@1.0.2 OK for: brace-expansion@1.1.11 want: ^1.0.0
294 silly placeDep node_modules/esformatter concat-map@0.0.1 OK for: brace-expansion@1.1.11 want: 0.0.1
295 timing idealTree:node_modules/esformatter/node_modules/brace-expansion Completed in 3ms
296 timing idealTree:node_modules/esformatter/node_modules/balanced-match Completed in 0ms
297 timing idealTree:node_modules/esformatter/node_modules/concat-map Completed in 0ms
298 timing idealTree:node_modules/esformatter/node_modules/minimist Completed in 0ms
299 timing idealTree:node_modules/esformatter/node_modules/mout Completed in 0ms
300 timing idealTree:node_modules/esformatter/node_modules/ms Completed in 0ms
301 silly placeDep node_modules/esformatter npm-path@2.0.4 OK for: npm-run@5.0.1 want: ^2.0.4
302 silly placeDep node_modules/esformatter npm-which@3.0.1 OK for: npm-run@5.0.1 want: ^3.0.1
303 silly placeDep node_modules/esformatter serializerr@1.0.3 OK for: npm-run@5.0.1 want: ^1.0.3
304 silly fetch manifest which@^1.2.10
305 silly fetch manifest commander@^2.9.0
306 silly fetch manifest protochain@^1.0.5
307 http fetch GET 200 https://registry.npmjs.org/which 31ms (cache miss)
308 http fetch GET 200 https://registry.npmjs.org/protochain 32ms (cache miss)
309 timing idealTree:node_modules/esformatter/node_modules/npm-run Completed in 39ms
310 silly placeDep node_modules/esformatter which@1.3.1 OK for: npm-path@2.0.4 want: ^1.2.10
311 silly fetch manifest isexe@^2.0.0
312 http fetch GET 200 https://registry.npmjs.org/isexe 30ms (cache miss)
313 timing idealTree:node_modules/esformatter/node_modules/npm-path Completed in 33ms
314 silly placeDep node_modules/esformatter commander@2.20.3 OK for: npm-which@3.0.1 want: ^2.9.0
315 timing idealTree:node_modules/esformatter/node_modules/npm-which Completed in 1ms
316 timing idealTree:node_modules/esformatter/node_modules/commander Completed in 0ms
317 timing idealTree:node_modules/esformatter/node_modules/once Completed in 0ms
318 timing idealTree:node_modules/esformatter/node_modules/path-is-absolute Completed in 0ms
319 timing idealTree:node_modules/esformatter/node_modules/regenerator-runtime Completed in 0ms
320 silly placeDep node_modules/esformatter is-core-module@2.11.0 OK for: resolve@1.22.1 want: ^2.9.0
321 silly placeDep node_modules/esformatter path-parse@1.0.7 OK for: resolve@1.22.1 want: ^1.0.7
322 silly placeDep node_modules/esformatter supports-preserve-symlinks-flag@1.0.0 OK for: resolve@1.22.1 want: ^1.0.0
323 silly fetch manifest has@^1.0.3
324 http fetch GET 200 https://registry.npmjs.org/has 27ms (cache miss)
325 timing idealTree:node_modules/esformatter/node_modules/resolve Completed in 30ms
326 silly placeDep node_modules/esformatter has@1.0.3 OK for: is-core-module@2.11.0 want: ^1.0.3
327 silly fetch manifest function-bind@^1.1.1
328 http fetch GET 200 https://registry.npmjs.org/function-bind 25ms (cache miss)
329 timing idealTree:node_modules/esformatter/node_modules/is-core-module Completed in 28ms
330 silly placeDep node_modules/esformatter function-bind@1.1.1 OK for: has@1.0.3 want: ^1.1.1
331 timing idealTree:node_modules/esformatter/node_modules/has Completed in 1ms
332 timing idealTree:node_modules/esformatter/node_modules/function-bind Completed in 0ms
333 timing idealTree:node_modules/esformatter/node_modules/path-parse Completed in 0ms
334 silly placeDep node_modules/esformatter esprima@2.7.3 OK for: rocambole@0.7.0 want: ^2.1
335 timing idealTree:node_modules/esformatter/node_modules/rocambole Completed in 1ms
336 timing idealTree:node_modules/esformatter/node_modules/esprima Completed in 0ms
337 silly placeDep node_modules/esformatter/node_modules/rocambole-indent debug@2.6.9 OK for: rocambole-indent@2.0.4 want: ^2.1.3
338 silly placeDep node_modules/esformatter/node_modules/rocambole-indent mout@0.11.1 OK for: rocambole-indent@2.0.4 want: ^0.11.0
339 timing idealTree:node_modules/esformatter/node_modules/rocambole-indent Completed in 2ms
340 silly placeDep node_modules/esformatter/node_modules/rocambole-linebreak debug@2.6.9 OK for: rocambole-linebreak@1.0.2 want: ^2.1.3
341 silly placeDep node_modules/esformatter semver@4.3.6 OK for: rocambole-linebreak@1.0.2 want: ^4.3.1
342 timing idealTree:node_modules/esformatter/node_modules/rocambole-linebreak Completed in 1ms
343 timing idealTree:node_modules/esformatter/node_modules/rocambole-node Completed in 0ms
344 timing idealTree:node_modules/esformatter/node_modules/rocambole-token Completed in 0ms
345 silly placeDep node_modules/esformatter/node_modules/rocambole-whitespace debug@2.6.9 OK for: rocambole-whitespace@1.0.0 want: ^2.1.3
346 silly placeDep node_modules/esformatter repeat-string@1.6.1 OK for: rocambole-whitespace@1.0.0 want: ^1.5.0
347 timing idealTree:node_modules/esformatter/node_modules/rocambole-whitespace Completed in 2ms
348 timing idealTree:node_modules/esformatter/node_modules/repeat-string Completed in 0ms
349 timing idealTree:node_modules/esformatter/node_modules/semver Completed in 0ms
350 silly placeDep node_modules/esformatter protochain@1.0.5 OK for: serializerr@1.0.3 want: ^1.0.5
351 timing idealTree:node_modules/esformatter/node_modules/serializerr Completed in 1ms
352 timing idealTree:node_modules/esformatter/node_modules/protochain Completed in 0ms
353 timing idealTree:node_modules/esformatter/node_modules/stdin Completed in 0ms
354 timing idealTree:node_modules/esformatter/node_modules/strip-ansi Completed in 0ms
355 timing idealTree:node_modules/esformatter/node_modules/strip-json-comments Completed in 0ms
356 silly placeDep node_modules/esformatter has-flag@4.0.0 OK for: supports-color@7.2.0 want: ^4.0.0
357 timing idealTree:node_modules/esformatter/node_modules/supports-color Completed in 1ms
358 timing idealTree:node_modules/esformatter/node_modules/has-flag Completed in 0ms
359 timing idealTree:node_modules/esformatter/node_modules/supports-preserve-symlinks-flag Completed in 0ms
360 timing idealTree:node_modules/esformatter/node_modules/to-fast-properties Completed in 0ms
361 silly placeDep node_modules/esformatter os-homedir@1.0.2 OK for: user-home@2.0.0 want: ^1.0.0
362 timing idealTree:node_modules/esformatter/node_modules/user-home Completed in 1ms
363 timing idealTree:node_modules/esformatter/node_modules/os-homedir Completed in 0ms
364 silly placeDep node_modules/esformatter isexe@2.0.0 OK for: which@1.3.1 want: ^2.0.0
365 timing idealTree:node_modules/esformatter/node_modules/which Completed in 2ms
366 timing idealTree:node_modules/esformatter/node_modules/isexe Completed in 0ms
367 timing idealTree:node_modules/esformatter/node_modules/wrappy Completed in 0ms
368 silly placeDep node_modules/js-beautify ini@1.3.8 OK for: config-chain@1.1.13 want: ^1.3.4
369 silly placeDep node_modules/js-beautify proto-list@1.2.4 OK for: config-chain@1.1.13 want: ~1.2.1
370 timing idealTree:node_modules/js-beautify/node_modules/config-chain Completed in 2ms
371 silly placeDep node_modules/js-beautify commander@2.20.3 OK for: editorconfig@0.15.3 want: ^2.19.0
372 silly placeDep node_modules/js-beautify lru-cache@4.1.5 OK for: editorconfig@0.15.3 want: ^4.1.5
373 silly placeDep node_modules/js-beautify semver@5.7.1 OK for: editorconfig@0.15.3 want: ^5.6.0
374 silly placeDep node_modules/js-beautify sigmund@1.0.1 OK for: editorconfig@0.15.3 want: ^1.0.1
375 silly fetch manifest pseudomap@^1.0.2
376 silly fetch manifest yallist@^2.1.2
377 http fetch GET 200 https://registry.npmjs.org/pseudomap 34ms (cache miss)
378 http fetch GET 200 https://registry.npmjs.org/yallist 56ms (cache miss)
379 timing idealTree:node_modules/js-beautify/node_modules/editorconfig Completed in 61ms
380 timing idealTree:node_modules/js-beautify/node_modules/commander Completed in 0ms
381 silly placeDep node_modules/js-beautify fs.realpath@1.0.0 OK for: glob@8.1.0 want: ^1.0.0
382 silly placeDep node_modules/js-beautify inflight@1.0.6 OK for: glob@8.1.0 want: ^1.0.4
383 silly placeDep node_modules/js-beautify inherits@2.0.4 OK for: glob@8.1.0 want: 2
384 silly placeDep node_modules/js-beautify minimatch@5.1.6 OK for: glob@8.1.0 want: ^5.0.1
385 silly placeDep node_modules/js-beautify once@1.4.0 OK for: glob@8.1.0 want: ^1.3.0
386 silly fetch manifest brace-expansion@^2.0.1
387 timing idealTree:node_modules/js-beautify/node_modules/glob Completed in 4ms
388 timing idealTree:node_modules/js-beautify/node_modules/fs.realpath Completed in 0ms
389 silly placeDep node_modules/js-beautify wrappy@1.0.2 OK for: inflight@1.0.6 want: 1
390 timing idealTree:node_modules/js-beautify/node_modules/inflight Completed in 1ms
391 timing idealTree:node_modules/js-beautify/node_modules/inherits Completed in 0ms
392 timing idealTree:node_modules/js-beautify/node_modules/ini Completed in 0ms
393 silly placeDep node_modules/js-beautify pseudomap@1.0.2 OK for: lru-cache@4.1.5 want: ^1.0.2
394 silly placeDep node_modules/js-beautify yallist@2.1.2 OK for: lru-cache@4.1.5 want: ^2.1.2
395 timing idealTree:node_modules/js-beautify/node_modules/lru-cache Completed in 1ms
396 silly placeDep node_modules/js-beautify brace-expansion@2.0.1 OK for: minimatch@5.1.6 want: ^2.0.1
397 timing idealTree:node_modules/js-beautify/node_modules/minimatch Completed in 1ms
398 silly placeDep node_modules/js-beautify balanced-match@1.0.2 OK for: brace-expansion@2.0.1 want: ^1.0.0
399 timing idealTree:node_modules/js-beautify/node_modules/brace-expansion Completed in 1ms
400 timing idealTree:node_modules/js-beautify/node_modules/balanced-match Completed in 0ms
401 silly placeDep node_modules/js-beautify abbrev@1.1.1 OK for: nopt@6.0.0 want: ^1.0.0
402 timing idealTree:node_modules/js-beautify/node_modules/nopt Completed in 1ms
403 timing idealTree:node_modules/js-beautify/node_modules/abbrev Completed in 0ms
404 timing idealTree:node_modules/js-beautify/node_modules/once Completed in 0ms
405 timing idealTree:node_modules/js-beautify/node_modules/proto-list Completed in 0ms
406 timing idealTree:node_modules/js-beautify/node_modules/pseudomap Completed in 0ms
407 timing idealTree:node_modules/js-beautify/node_modules/semver Completed in 0ms
408 timing idealTree:node_modules/js-beautify/node_modules/sigmund Completed in 0ms
409 timing idealTree:node_modules/js-beautify/node_modules/wrappy Completed in 0ms
410 timing idealTree:node_modules/js-beautify/node_modules/yallist Completed in 0ms
411 silly placeDep node_modules/esformatter/node_modules/babel-traverse ms@2.0.0 OK for: debug@2.6.9 want: 2.0.0
412 timing idealTree:node_modules/esformatter/node_modules/babel-traverse/node_modules/debug Completed in 1ms
413 timing idealTree:node_modules/esformatter/node_modules/babel-traverse/node_modules/ms Completed in 0ms
414 timing idealTree:node_modules/esformatter/node_modules/chalk/node_modules/supports-color Completed in 0ms
415 silly placeDep node_modules/esformatter color-convert@2.0.1 OK for: ansi-styles@4.3.0 want: ^2.0.1
416 silly fetch manifest color-name@~1.1.4
417 http fetch GET 200 https://registry.npmjs.org/color-name 28ms (cache miss)
418 timing idealTree:node_modules/esformatter/node_modules/disparity/node_modules/ansi-styles Completed in 31ms
419 silly placeDep node_modules/esformatter color-name@1.1.4 OK for: color-convert@2.0.1 want: ~1.1.4
420 timing idealTree:node_modules/esformatter/node_modules/color-convert Completed in 1ms
421 timing idealTree:node_modules/esformatter/node_modules/color-name Completed in 0ms
422 silly placeDep node_modules/esformatter/node_modules/rocambole-indent ms@2.0.0 OK for: debug@2.6.9 want: 2.0.0
423 timing idealTree:node_modules/esformatter/node_modules/rocambole-indent/node_modules/debug Completed in 1ms
424 timing idealTree:node_modules/esformatter/node_modules/rocambole-indent/node_modules/mout Completed in 0ms
425 timing idealTree:node_modules/esformatter/node_modules/rocambole-indent/node_modules/ms Completed in 0ms
426 silly placeDep node_modules/esformatter/node_modules/rocambole-linebreak ms@2.0.0 OK for: debug@2.6.9 want: 2.0.0
427 timing idealTree:node_modules/esformatter/node_modules/rocambole-linebreak/node_modules/debug Completed in 1ms
428 timing idealTree:node_modules/esformatter/node_modules/rocambole-linebreak/node_modules/ms Completed in 0ms
429 silly placeDep node_modules/esformatter/node_modules/rocambole-whitespace ms@2.0.0 OK for: debug@2.6.9 want: 2.0.0
430 timing idealTree:node_modules/esformatter/node_modules/rocambole-whitespace/node_modules/debug Completed in 1ms
431 timing idealTree:node_modules/esformatter/node_modules/rocambole-whitespace/node_modules/ms Completed in 0ms
432 timing idealTree:buildDeps Completed in 1306ms
433 timing idealTree:fixDepFlags Completed in 1ms
434 timing idealTree Completed in 1316ms
435 timing reify:loadTrees Completed in 1318ms
436 timing reify:diffTrees Completed in 4ms
437 silly reify moves {}
438 timing reify:retireShallow Completed in 1ms
439 timing reify:createSparse Completed in 16ms
440 timing reify:loadBundles Completed in 0ms
441 silly audit bulk request {
441 silly audit   esformatter: [ '0.11.3' ],
441 silly audit   'js-beautify': [ '1.14.7' ],
441 silly audit   prettier: [ '2.8.3' ],
441 silly audit   'acorn-to-esprima': [ '2.0.8' ],
441 silly audit   'babel-traverse': [ '6.26.0' ],
441 silly audit   debug: [ '4.3.4', '2.6.9' ],
441 silly audit   disparity: [ '3.2.0' ],
441 silly audit   'esformatter-parser': [ '1.0.0' ],
441 silly audit   glob: [ '7.2.3', '8.1.0' ],
441 silly audit   minimatch: [ '3.1.2', '5.1.6' ],
441 silly audit   minimist: [ '1.2.7' ],
441 silly audit   mout: [ '1.2.4', '0.11.1' ],
441 silly audit   'npm-run': [ '5.0.1' ],
441 silly audit   resolve: [ '1.22.1' ],
441 silly audit   rocambole: [ '0.7.0' ],
441 silly audit   'rocambole-indent': [ '2.0.4' ],
441 silly audit   'rocambole-linebreak': [ '1.0.2' ],
441 silly audit   'rocambole-node': [ '1.0.0' ],
441 silly audit   'rocambole-token': [ '1.2.1' ],
441 silly audit   'rocambole-whitespace': [ '1.0.0' ],
441 silly audit   stdin: [ '0.0.1' ],
441 silly audit   'strip-json-comments': [ '3.1.1' ],
441 silly audit   'supports-color': [ '7.2.0', '2.0.0' ],
441 silly audit   'user-home': [ '2.0.0' ],
441 silly audit   'config-chain': [ '1.1.13' ],
441 silly audit   editorconfig: [ '0.15.3' ],
441 silly audit   nopt: [ '6.0.0' ],
441 silly audit   'babel-code-frame': [ '6.26.0' ],
441 silly audit   'babel-messages': [ '6.23.0' ],
441 silly audit   'babel-runtime': [ '6.26.0' ],
441 silly audit   'babel-types': [ '6.26.0' ],
441 silly audit   babylon: [ '6.18.0' ],
441 silly audit   globals: [ '9.18.0' ],
441 silly audit   invariant: [ '2.2.4' ],
441 silly audit   lodash: [ '4.17.21' ],
441 silly audit   chalk: [ '1.1.3' ],
441 silly audit   esutils: [ '2.0.3' ],
441 silly audit   'js-tokens': [ '3.0.2' ],
441 silly audit   'core-js': [ '2.6.12' ],
441 silly audit   'regenerator-runtime': [ '0.11.1' ],
441 silly audit   'to-fast-properties': [ '1.0.3' ],
441 silly audit   'ansi-styles': [ '2.2.1', '4.3.0' ],
441 silly audit   'escape-string-regexp': [ '1.0.5' ],
441 silly audit   'has-ansi': [ '2.0.0' ],
441 silly audit   'strip-ansi': [ '3.0.1' ],
441 silly audit   ms: [ '2.1.2', '2.0.0' ],
441 silly audit   diff: [ '4.0.2' ],
441 silly audit   'fs.realpath': [ '1.0.0' ],
441 silly audit   inflight: [ '1.0.6' ],
441 silly audit   inherits: [ '2.0.4' ],
441 silly audit   once: [ '1.4.0' ],
441 silly audit   'path-is-absolute': [ '1.0.1' ],
441 silly audit   'ansi-regex': [ '2.1.1' ],
441 silly audit   wrappy: [ '1.0.2' ],
441 silly audit   'loose-envify': [ '1.4.0' ],
441 silly audit   'brace-expansion': [ '1.1.11', '2.0.1' ],
441 silly audit   'balanced-match': [ '1.0.2' ],
441 silly audit   'concat-map': [ '0.0.1' ],
441 silly audit   'npm-path': [ '2.0.4' ],
441 silly audit   'npm-which': [ '3.0.1' ],
441 silly audit   serializerr: [ '1.0.3' ],
441 silly audit   which: [ '1.3.1' ],
441 silly audit   commander: [ '2.20.3' ],
441 silly audit   'is-core-module': [ '2.11.0' ],
441 silly audit   'path-parse': [ '1.0.7' ],
441 silly audit   'supports-preserve-symlinks-flag': [ '1.0.0' ],
441 silly audit   has: [ '1.0.3' ],
441 silly audit   'function-bind': [ '1.1.1' ],
441 silly audit   esprima: [ '2.7.3' ],
441 silly audit   semver: [ '4.3.6', '5.7.1' ],
441 silly audit   'repeat-string': [ '1.6.1' ],
441 silly audit   protochain: [ '1.0.5' ],
441 silly audit   'has-flag': [ '4.0.0' ],
441 silly audit   'os-homedir': [ '1.0.2' ],
441 silly audit   isexe: [ '2.0.0' ],
441 silly audit   ini: [ '1.3.8' ],
441 silly audit   'proto-list': [ '1.2.4' ],
441 silly audit   'lru-cache': [ '4.1.5' ],
441 silly audit   sigmund: [ '1.0.1' ],
441 silly audit   pseudomap: [ '1.0.2' ],
441 silly audit   yallist: [ '2.1.2' ],
441 silly audit   abbrev: [ '1.1.1' ],
441 silly audit   'color-convert': [ '2.0.1' ],
441 silly audit   'color-name': [ '1.1.4' ]
441 silly audit }
442 silly tarball no local data for prettier@https://registry.npmjs.org/prettier/-/prettier-2.8.3.tgz. Extracting by manifest.
443 silly tarball no local data for js-beautify@https://registry.npmjs.org/js-beautify/-/js-beautify-1.14.7.tgz. Extracting by manifest.
444 silly tarball no local data for esformatter@https://registry.npmjs.org/esformatter/-/esformatter-0.11.3.tgz. Extracting by manifest.
445 silly tarball no local data for abbrev@https://registry.npmjs.org/abbrev/-/abbrev-1.1.1.tgz. Extracting by manifest.
446 silly tarball no local data for balanced-match@https://registry.npmjs.org/balanced-match/-/balanced-match-1.0.2.tgz. Extracting by manifest.
447 silly tarball no local data for brace-expansion@https://registry.npmjs.org/brace-expansion/-/brace-expansion-2.0.1.tgz. Extracting by manifest.
448 silly tarball no local data for yallist@https://registry.npmjs.org/yallist/-/yallist-2.1.2.tgz. Extracting by manifest.
449 silly tarball no local data for pseudomap@https://registry.npmjs.org/pseudomap/-/pseudomap-1.0.2.tgz. Extracting by manifest.
450 silly tarball no local data for wrappy@https://registry.npmjs.org/wrappy/-/wrappy-1.0.2.tgz. Extracting by manifest.
451 silly tarball no local data for once@https://registry.npmjs.org/once/-/once-1.4.0.tgz. Extracting by manifest.
452 silly tarball no local data for minimatch@https://registry.npmjs.org/minimatch/-/minimatch-5.1.6.tgz. Extracting by manifest.
453 silly tarball no local data for inherits@https://registry.npmjs.org/inherits/-/inherits-2.0.4.tgz. Extracting by manifest.
454 silly tarball no local data for inflight@https://registry.npmjs.org/inflight/-/inflight-1.0.6.tgz. Extracting by manifest.
455 silly tarball no local data for fs.realpath@https://registry.npmjs.org/fs.realpath/-/fs.realpath-1.0.0.tgz. Extracting by manifest.
456 silly tarball no local data for sigmund@https://registry.npmjs.org/sigmund/-/sigmund-1.0.1.tgz. Extracting by manifest.
457 silly tarball no local data for semver@https://registry.npmjs.org/semver/-/semver-5.7.1.tgz. Extracting by manifest.
458 silly tarball no local data for lru-cache@https://registry.npmjs.org/lru-cache/-/lru-cache-4.1.5.tgz. Extracting by manifest.
459 silly tarball no local data for commander@https://registry.npmjs.org/commander/-/commander-2.20.3.tgz. Extracting by manifest.
460 silly tarball no local data for proto-list@https://registry.npmjs.org/proto-list/-/proto-list-1.2.4.tgz. Extracting by manifest.
461 silly tarball no local data for ini@https://registry.npmjs.org/ini/-/ini-1.3.8.tgz. Extracting by manifest.
462 silly tarball no local data for nopt@https://registry.npmjs.org/nopt/-/nopt-6.0.0.tgz. Extracting by manifest.
463 silly tarball no local data for glob@https://registry.npmjs.org/glob/-/glob-8.1.0.tgz. Extracting by manifest.
464 silly tarball no local data for editorconfig@https://registry.npmjs.org/editorconfig/-/editorconfig-0.15.3.tgz. Extracting by manifest.
465 silly tarball no local data for config-chain@https://registry.npmjs.org/config-chain/-/config-chain-1.1.13.tgz. Extracting by manifest.
466 silly tarball no local data for color-name@https://registry.npmjs.org/color-name/-/color-name-1.1.4.tgz. Extracting by manifest.
467 silly tarball no local data for color-convert@https://registry.npmjs.org/color-convert/-/color-convert-2.0.1.tgz. Extracting by manifest.
468 silly tarball no local data for isexe@https://registry.npmjs.org/isexe/-/isexe-2.0.0.tgz. Extracting by manifest.
469 silly tarball no local data for os-homedir@https://registry.npmjs.org/os-homedir/-/os-homedir-1.0.2.tgz. Extracting by manifest.
470 silly tarball no local data for has-flag@https://registry.npmjs.org/has-flag/-/has-flag-4.0.0.tgz. Extracting by manifest.
471 silly tarball no local data for protochain@https://registry.npmjs.org/protochain/-/protochain-1.0.5.tgz. Extracting by manifest.
472 silly tarball no local data for repeat-string@https://registry.npmjs.org/repeat-string/-/repeat-string-1.6.1.tgz. Extracting by manifest.
473 silly tarball no local data for semver@https://registry.npmjs.org/semver/-/semver-4.3.6.tgz. Extracting by manifest.
474 silly tarball no local data for esprima@https://registry.npmjs.org/esprima/-/esprima-2.7.3.tgz. Extracting by manifest.
475 silly tarball no local data for function-bind@https://registry.npmjs.org/function-bind/-/function-bind-1.1.1.tgz. Extracting by manifest.
476 silly tarball no local data for has@https://registry.npmjs.org/has/-/has-1.0.3.tgz. Extracting by manifest.
477 silly tarball no local data for supports-preserve-symlinks-flag@https://registry.npmjs.org/supports-preserve-symlinks-flag/-/supports-preserve-symlinks-flag-1.0.0.tgz. Extracting by manifest.
478 silly tarball no local data for path-parse@https://registry.npmjs.org/path-parse/-/path-parse-1.0.7.tgz. Extracting by manifest.
479 silly tarball no local data for is-core-module@https://registry.npmjs.org/is-core-module/-/is-core-module-2.11.0.tgz. Extracting by manifest.
480 silly tarball no local data for commander@https://registry.npmjs.org/commander/-/commander-2.20.3.tgz. Extracting by manifest.
481 silly tarball no local data for which@https://registry.npmjs.org/which/-/which-1.3.1.tgz. Extracting by manifest.
482 silly tarball no local data for serializerr@https://registry.npmjs.org/serializerr/-/serializerr-1.0.3.tgz. Extracting by manifest.
483 silly tarball no local data for npm-which@https://registry.npmjs.org/npm-which/-/npm-which-3.0.1.tgz. Extracting by manifest.
484 silly tarball no local data for npm-path@https://registry.npmjs.org/npm-path/-/npm-path-2.0.4.tgz. Extracting by manifest.
485 silly tarball no local data for concat-map@https://registry.npmjs.org/concat-map/-/concat-map-0.0.1.tgz. Extracting by manifest.
486 silly tarball no local data for balanced-match@https://registry.npmjs.org/balanced-match/-/balanced-match-1.0.2.tgz. Extracting by manifest.
487 silly tarball no local data for brace-expansion@https://registry.npmjs.org/brace-expansion/-/brace-expansion-1.1.11.tgz. Extracting by manifest.
488 silly tarball no local data for loose-envify@https://registry.npmjs.org/loose-envify/-/loose-envify-1.4.0.tgz. Extracting by manifest.
489 silly tarball no local data for wrappy@https://registry.npmjs.org/wrappy/-/wrappy-1.0.2.tgz. Extracting by manifest.
490 silly tarball no local data for ansi-regex@https://registry.npmjs.org/ansi-regex/-/ansi-regex-2.1.1.tgz. Extracting by manifest.
491 silly tarball no local data for path-is-absolute@https://registry.npmjs.org/path-is-absolute/-/path-is-absolute-1.0.1.tgz. Extracting by manifest.
492 silly tarball no local data for once@https://registry.npmjs.org/once/-/once-1.4.0.tgz. Extracting by manifest.
493 silly tarball no local data for inherits@https://registry.npmjs.org/inherits/-/inherits-2.0.4.tgz. Extracting by manifest.
494 silly tarball no local data for inflight@https://registry.npmjs.org/inflight/-/inflight-1.0.6.tgz. Extracting by manifest.
495 silly tarball no local data for fs.realpath@https://registry.npmjs.org/fs.realpath/-/fs.realpath-1.0.0.tgz. Extracting by manifest.
496 silly tarball no local data for diff@https://registry.npmjs.org/diff/-/diff-4.0.2.tgz. Extracting by manifest.
497 silly tarball no local data for ms@https://registry.npmjs.org/ms/-/ms-2.1.2.tgz. Extracting by manifest.
498 silly tarball no local data for strip-ansi@https://registry.npmjs.org/strip-ansi/-/strip-ansi-3.0.1.tgz. Extracting by manifest.
499 silly tarball no local data for has-ansi@https://registry.npmjs.org/has-ansi/-/has-ansi-2.0.0.tgz. Extracting by manifest.
500 silly tarball no local data for escape-string-regexp@https://registry.npmjs.org/escape-string-regexp/-/escape-string-regexp-1.0.5.tgz. Extracting by manifest.
501 silly tarball no local data for ansi-styles@https://registry.npmjs.org/ansi-styles/-/ansi-styles-2.2.1.tgz. Extracting by manifest.
502 silly tarball no local data for to-fast-properties@https://registry.npmjs.org/to-fast-properties/-/to-fast-properties-1.0.3.tgz. Extracting by manifest.
503 silly tarball no local data for regenerator-runtime@https://registry.npmjs.org/regenerator-runtime/-/regenerator-runtime-0.11.1.tgz. Extracting by manifest.
504 silly tarball no local data for core-js@https://registry.npmjs.org/core-js/-/core-js-2.6.12.tgz. Extracting by manifest.
505 silly tarball no local data for js-tokens@https://registry.npmjs.org/js-tokens/-/js-tokens-3.0.2.tgz. Extracting by manifest.
506 silly tarball no local data for esutils@https://registry.npmjs.org/esutils/-/esutils-2.0.3.tgz. Extracting by manifest.
507 silly tarball no local data for chalk@https://registry.npmjs.org/chalk/-/chalk-1.1.3.tgz. Extracting by manifest.
508 silly tarball no local data for supports-color@https://registry.npmjs.org/supports-color/-/supports-color-2.0.0.tgz. Extracting by manifest.
509 silly tarball no local data for lodash@https://registry.npmjs.org/lodash/-/lodash-4.17.21.tgz. Extracting by manifest.
510 silly tarball no local data for invariant@https://registry.npmjs.org/invariant/-/invariant-2.2.4.tgz. Extracting by manifest.
511 silly tarball no local data for globals@https://registry.npmjs.org/globals/-/globals-9.18.0.tgz. Extracting by manifest.
512 silly tarball no local data for babylon@https://registry.npmjs.org/babylon/-/babylon-6.18.0.tgz. Extracting by manifest.
513 silly tarball no local data for babel-types@https://registry.npmjs.org/babel-types/-/babel-types-6.26.0.tgz. Extracting by manifest.
514 silly tarball no local data for babel-runtime@https://registry.npmjs.org/babel-runtime/-/babel-runtime-6.26.0.tgz. Extracting by manifest.
515 silly tarball no local data for babel-messages@https://registry.npmjs.org/babel-messages/-/babel-messages-6.23.0.tgz. Extracting by manifest.
516 silly tarball no local data for babel-code-frame@https://registry.npmjs.org/babel-code-frame/-/babel-code-frame-6.26.0.tgz. Extracting by manifest.
517 silly tarball no local data for user-home@https://registry.npmjs.org/user-home/-/user-home-2.0.0.tgz. Extracting by manifest.
518 silly tarball no local data for supports-color@https://registry.npmjs.org/supports-color/-/supports-color-7.2.0.tgz. Extracting by manifest.
519 silly tarball no local data for strip-json-comments@https://registry.npmjs.org/strip-json-comments/-/strip-json-comments-3.1.1.tgz. Extracting by manifest.
520 silly tarball no local data for stdin@https://registry.npmjs.org/stdin/-/stdin-0.0.1.tgz. Extracting by manifest.
521 silly tarball no local data for rocambole-whitespace@https://registry.npmjs.org/rocambole-whitespace/-/rocambole-whitespace-1.0.0.tgz. Extracting by manifest.
522 silly tarball no local data for ms@https://registry.npmjs.org/ms/-/ms-2.0.0.tgz. Extracting by manifest.
523 silly tarball no local data for debug@https://registry.npmjs.org/debug/-/debug-2.6.9.tgz. Extracting by manifest.
524 silly tarball no local data for rocambole-token@https://registry.npmjs.org/rocambole-token/-/rocambole-token-1.2.1.tgz. Extracting by manifest.
525 silly tarball no local data for rocambole-node@https://registry.npmjs.org/rocambole-node/-/rocambole-node-1.0.0.tgz. Extracting by manifest.
526 silly tarball no local data for rocambole-linebreak@https://registry.npmjs.org/rocambole-linebreak/-/rocambole-linebreak-1.0.2.tgz. Extracting by manifest.
527 silly tarball no local data for ms@https://registry.npmjs.org/ms/-/ms-2.0.0.tgz. Extracting by manifest.
528 silly tarball no local data for debug@https://registry.npmjs.org/debug/-/debug-2.6.9.tgz. Extracting by manifest.
529 silly tarball no local data for rocambole-indent@https://registry.npmjs.org/rocambole-indent/-/rocambole-indent-2.0.4.tgz. Extracting by manifest.
530 silly tarball no local data for ms@https://registry.npmjs.org/ms/-/ms-2.0.0.tgz. Extracting by manifest.
531 silly tarball no local data for mout@https://registry.npmjs.org/mout/-/mout-0.11.1.tgz. Extracting by manifest.
532 silly tarball no local data for debug@https://registry.npmjs.org/debug/-/debug-2.6.9.tgz. Extracting by manifest.
533 silly tarball no local data for rocambole@https://registry.npmjs.org/rocambole/-/rocambole-0.7.0.tgz. Extracting by manifest.
534 silly tarball no local data for resolve@https://registry.npmjs.org/resolve/-/resolve-1.22.1.tgz. Extracting by manifest.
535 silly tarball no local data for npm-run@https://registry.npmjs.org/npm-run/-/npm-run-5.0.1.tgz. Extracting by manifest.
536 silly tarball no local data for mout@https://registry.npmjs.org/mout/-/mout-1.2.4.tgz. Extracting by manifest.
537 silly tarball no local data for minimatch@https://registry.npmjs.org/minimatch/-/minimatch-3.1.2.tgz. Extracting by manifest.
538 silly tarball no local data for minimist@https://registry.npmjs.org/minimist/-/minimist-1.2.7.tgz. Extracting by manifest.
539 silly tarball no local data for glob@https://registry.npmjs.org/glob/-/glob-7.2.3.tgz. Extracting by manifest.
540 silly tarball no local data for esformatter-parser@https://registry.npmjs.org/esformatter-parser/-/esformatter-parser-1.0.0.tgz. Extracting by manifest.
541 silly tarball no local data for disparity@https://registry.npmjs.org/disparity/-/disparity-3.2.0.tgz. Extracting by manifest.
542 silly tarball no local data for ansi-styles@https://registry.npmjs.org/ansi-styles/-/ansi-styles-4.3.0.tgz. Extracting by manifest.
543 silly tarball no local data for babel-traverse@https://registry.npmjs.org/babel-traverse/-/babel-traverse-6.26.0.tgz. Extracting by manifest.
544 silly tarball no local data for debug@https://registry.npmjs.org/debug/-/debug-4.3.4.tgz. Extracting by manifest.
545 silly tarball no local data for ms@https://registry.npmjs.org/ms/-/ms-2.0.0.tgz. Extracting by manifest.
546 silly tarball no local data for debug@https://registry.npmjs.org/debug/-/debug-2.6.9.tgz. Extracting by manifest.
547 silly tarball no local data for acorn-to-esprima@https://registry.npmjs.org/acorn-to-esprima/-/acorn-to-esprima-2.0.8.tgz. Extracting by manifest.
548 http fetch POST 200 https://registry.npmjs.org/-/npm/v1/security/advisories/bulk 277ms
549 timing auditReport:getReport Completed in 280ms
550 silly audit report {
550 silly audit report   mout: [
550 silly audit report     {
550 silly audit report       id: 1088767,
550 silly audit report       url: 'https://github.com/advisories/GHSA-pc58-wgmc-hfjr',
550 silly audit report       title: 'Prototype Pollution in mout',
550 silly audit report       severity: 'high',
550 silly audit report       vulnerable_versions: '<1.2.3',
550 silly audit report       cwe: [Array],
550 silly audit report       cvss: [Object]
550 silly audit report     },
550 silly audit report     {
550 silly audit report       id: 1085434,
550 silly audit report       url: 'https://github.com/advisories/GHSA-vvv8-xw5f-3f88',
550 silly audit report       title: 'Prototype Pollution in mout',
550 silly audit report       severity: 'high',
550 silly audit report       vulnerable_versions: '<=1.2.3',
550 silly audit report       cwe: [Array],
550 silly audit report       cvss: [Object]
550 silly audit report     }
550 silly audit report   ]
550 silly audit report }
551 timing metavuln:packument:mout Completed in 0ms
552 timing metavuln:cache:get:security-advisory:mout:Y40sg8Y+Z3+x71ysbBp65PH1ZiDM7nbaNkcw5To7P5fNPMNszkYu6GP53BmAHsQ4BR+RhlftRHQUTX/Qz65apg== Completed in 1ms
553 timing metavuln:load:security-advisory:mout:1088767 Completed in 3ms
554 timing metavuln:cache:get:security-advisory:mout:JwHLBH9gXr8sVJ78yzMk+7KYj3Q2E9e+G3gkEjmggBGTvzv1xaDwHPw/uoEn9TXeWq/Ya7VnbShPtpVT5p8Qtw== Completed in 5ms
555 timing metavuln:load:security-advisory:mout:1085434 Completed in 2ms
556 http fetch GET 200 https://registry.npmjs.org/sigmund/-/sigmund-1.0.1.tgz 685ms (cache miss)
557 timing reifyNode:node_modules/js-beautify/node_modules/sigmund Completed in 760ms
558 http fetch GET 200 https://registry.npmjs.org/pseudomap/-/pseudomap-1.0.2.tgz 699ms (cache miss)
559 timing reifyNode:node_modules/js-beautify/node_modules/pseudomap Completed in 761ms
560 http fetch GET 200 https://registry.npmjs.org/inflight/-/inflight-1.0.6.tgz 688ms (cache miss)
561 timing reifyNode:node_modules/js-beautify/node_modules/inflight Completed in 761ms
562 timing metavuln:cache:put:security-advisory:mout:Y40sg8Y+Z3+x71ysbBp65PH1ZiDM7nbaNkcw5To7P5fNPMNszkYu6GP53BmAHsQ4BR+RhlftRHQUTX/Qz65apg== Completed in 497ms
563 timing metavuln:calculate:security-advisory:mout:1088767 Completed in 502ms
564 http fetch GET 200 https://registry.npmjs.org/abbrev/-/abbrev-1.1.1.tgz 739ms (cache miss)
565 timing reifyNode:node_modules/js-beautify/node_modules/abbrev Completed in 798ms
566 http fetch GET 200 https://registry.npmjs.org/brace-expansion/-/brace-expansion-2.0.1.tgz 738ms (cache miss)
567 timing reifyNode:node_modules/js-beautify/node_modules/brace-expansion Completed in 798ms
568 http fetch GET 200 https://registry.npmjs.org/wrappy/-/wrappy-1.0.2.tgz 735ms (cache miss)
569 timing reifyNode:node_modules/js-beautify/node_modules/wrappy Completed in 798ms
570 timing metavuln:cache:put:security-advisory:mout:JwHLBH9gXr8sVJ78yzMk+7KYj3Q2E9e+G3gkEjmggBGTvzv1xaDwHPw/uoEn9TXeWq/Ya7VnbShPtpVT5p8Qtw== Completed in 526ms
571 timing metavuln:calculate:security-advisory:mout:1085434 Completed in 533ms
572 timing metavuln:packument:rocambole-indent Completed in 0ms
573 http fetch GET 200 https://registry.npmjs.org/fs.realpath/-/fs.realpath-1.0.0.tgz 735ms (cache miss)
574 timing reifyNode:node_modules/js-beautify/node_modules/fs.realpath Completed in 809ms
575 http fetch GET 200 https://registry.npmjs.org/inherits/-/inherits-2.0.4.tgz 737ms (cache miss)
576 timing reifyNode:node_modules/js-beautify/node_modules/inherits Completed in 809ms
577 http fetch GET 200 https://registry.npmjs.org/proto-list/-/proto-list-1.2.4.tgz 731ms (cache miss)
578 timing reifyNode:node_modules/js-beautify/node_modules/proto-list Completed in 810ms
579 timing metavuln:cache:get:security-advisory:rocambole-indent:f7sn+dl8MO2ChXz1B01ioUFIgp0dN/FgHqdPpMls4a/meSwHqKxraYIzK+K20vuXKDjzwiBAJ8wepqLdWY4KzA== Completed in 11ms
580 timing metavuln:load:security-advisory:rocambole-indent:Y40sg8Y+Z3+x71ysbBp65PH1ZiDM7nbaNkcw5To7P5fNPMNszkYu6GP53BmAHsQ4BR+RhlftRHQUTX/Qz65apg== Completed in 1ms
581 http fetch GET 200 https://registry.npmjs.org/glob/-/glob-8.1.0.tgz 739ms (cache miss)
582 timing reifyNode:node_modules/js-beautify/node_modules/glob Completed in 821ms
583 http fetch GET 200 https://registry.npmjs.org/ini/-/ini-1.3.8.tgz 742ms (cache miss)
584 timing reifyNode:node_modules/js-beautify/node_modules/ini Completed in 822ms
585 http fetch GET 200 https://registry.npmjs.org/os-homedir/-/os-homedir-1.0.2.tgz 733ms (cache miss)
586 timing reifyNode:node_modules/esformatter/node_modules/os-homedir Completed in 822ms
587 http fetch GET 200 https://registry.npmjs.org/function-bind/-/function-bind-1.1.1.tgz 719ms (cache miss)
588 timing reifyNode:node_modules/esformatter/node_modules/function-bind Completed in 823ms
589 http fetch GET 200 https://registry.npmjs.org/yallist/-/yallist-2.1.2.tgz 769ms (cache miss)
590 timing reifyNode:node_modules/js-beautify/node_modules/yallist Completed in 830ms
591 http fetch GET 200 https://registry.npmjs.org/nopt/-/nopt-6.0.0.tgz 749ms (cache miss)
592 timing reifyNode:node_modules/js-beautify/node_modules/nopt Completed in 830ms
593 http fetch GET 200 https://registry.npmjs.org/protochain/-/protochain-1.0.5.tgz 739ms (cache miss)
594 timing reifyNode:node_modules/esformatter/node_modules/protochain Completed in 830ms
595 http fetch GET 200 https://registry.npmjs.org/balanced-match/-/balanced-match-1.0.2.tgz 772ms (cache miss)
596 timing reifyNode:node_modules/js-beautify/node_modules/balanced-match Completed in 831ms
597 http fetch GET 200 https://registry.npmjs.org/npm-which/-/npm-which-3.0.1.tgz 719ms (cache miss)
598 timing reifyNode:node_modules/esformatter/node_modules/npm-which Completed in 831ms
599 http fetch GET 200 https://registry.npmjs.org/loose-envify/-/loose-envify-1.4.0.tgz 704ms (cache miss)
600 timing reifyNode:node_modules/esformatter/node_modules/loose-envify Completed in 831ms
601 http fetch GET 200 https://registry.npmjs.org/inherits/-/inherits-2.0.4.tgz 699ms (cache miss)
602 timing reifyNode:node_modules/esformatter/node_modules/inherits Completed in 831ms
603 http fetch GET 200 https://registry.npmjs.org/once/-/once-1.4.0.tgz 701ms (cache miss)
604 timing reifyNode:node_modules/esformatter/node_modules/once Completed in 832ms
605 http fetch GET 200 https://registry.npmjs.org/lru-cache/-/lru-cache-4.1.5.tgz 766ms (cache miss)
606 timing reifyNode:node_modules/js-beautify/node_modules/lru-cache Completed in 843ms
607 http fetch GET 200 https://registry.npmjs.org/which/-/which-1.3.1.tgz 733ms (cache miss)
608 timing reifyNode:node_modules/esformatter/node_modules/which Completed in 844ms
609 http fetch GET 200 https://registry.npmjs.org/path-parse/-/path-parse-1.0.7.tgz 736ms (cache miss)
610 timing reifyNode:node_modules/esformatter/node_modules/path-parse Completed in 844ms
611 http fetch GET 200 https://registry.npmjs.org/balanced-match/-/balanced-match-1.0.2.tgz 728ms (cache miss)
612 timing reifyNode:node_modules/esformatter/node_modules/balanced-match Completed in 844ms
613 http fetch GET 200 https://registry.npmjs.org/ms/-/ms-2.1.2.tgz 708ms (cache miss)
614 timing reifyNode:node_modules/esformatter/node_modules/ms Completed in 844ms
615 http fetch GET 200 https://registry.npmjs.org/escape-string-regexp/-/escape-string-regexp-1.0.5.tgz 705ms (cache miss)
616 timing reifyNode:node_modules/esformatter/node_modules/escape-string-regexp Completed in 845ms
617 http fetch GET 200 https://registry.npmjs.org/config-chain/-/config-chain-1.1.13.tgz 771ms (cache miss)
618 timing reifyNode:node_modules/js-beautify/node_modules/config-chain Completed in 856ms
619 http fetch GET 200 https://registry.npmjs.org/isexe/-/isexe-2.0.0.tgz 768ms (cache miss)
620 timing reifyNode:node_modules/esformatter/node_modules/isexe Completed in 856ms
621 http fetch GET 200 https://registry.npmjs.org/concat-map/-/concat-map-0.0.1.tgz 741ms (cache miss)
622 timing reifyNode:node_modules/esformatter/node_modules/concat-map Completed in 856ms
623 http fetch GET 200 https://registry.npmjs.org/js-tokens/-/js-tokens-3.0.2.tgz 712ms (cache miss)
624 timing reifyNode:node_modules/esformatter/node_modules/js-tokens Completed in 857ms
625 http fetch GET 200 https://registry.npmjs.org/once/-/once-1.4.0.tgz 799ms (cache miss)
626 timing reifyNode:node_modules/js-beautify/node_modules/once Completed in 862ms
627 http fetch GET 200 https://registry.npmjs.org/minimatch/-/minimatch-5.1.6.tgz 792ms (cache miss)
628 timing reifyNode:node_modules/js-beautify/node_modules/minimatch Completed in 863ms
629 http fetch GET 200 https://registry.npmjs.org/semver/-/semver-5.7.1.tgz 787ms (cache miss)
630 timing reifyNode:node_modules/js-beautify/node_modules/semver Completed in 863ms
631 http fetch GET 200 https://registry.npmjs.org/has-flag/-/has-flag-4.0.0.tgz 773ms (cache miss)
632 timing reifyNode:node_modules/esformatter/node_modules/has-flag Completed in 864ms
633 http fetch GET 200 https://registry.npmjs.org/repeat-string/-/repeat-string-1.6.1.tgz 763ms (cache miss)
634 timing reifyNode:node_modules/esformatter/node_modules/repeat-string Completed in 864ms
635 http fetch GET 200 https://registry.npmjs.org/is-core-module/-/is-core-module-2.11.0.tgz 755ms (cache miss)
636 timing reifyNode:node_modules/esformatter/node_modules/is-core-module Completed in 864ms
637 http fetch GET 200 https://registry.npmjs.org/brace-expansion/-/brace-expansion-1.1.11.tgz 747ms (cache miss)
638 timing reifyNode:node_modules/esformatter/node_modules/brace-expansion Completed in 864ms
639 http fetch GET 200 https://registry.npmjs.org/to-fast-properties/-/to-fast-properties-1.0.3.tgz 723ms (cache miss)
640 timing reifyNode:node_modules/esformatter/node_modules/to-fast-properties Completed in 865ms
641 http fetch GET 200 https://registry.npmjs.org/wrappy/-/wrappy-1.0.2.tgz 737ms (cache miss)
642 timing reifyNode:node_modules/esformatter/node_modules/wrappy Completed in 865ms
643 http fetch GET 200 https://registry.npmjs.org/inflight/-/inflight-1.0.6.tgz 737ms (cache miss)
644 timing reifyNode:node_modules/esformatter/node_modules/inflight Completed in 870ms
645 http fetch GET 200 https://registry.npmjs.org/color-name/-/color-name-1.1.4.tgz 789ms (cache miss)
646 timing reifyNode:node_modules/esformatter/node_modules/color-name Completed in 875ms
647 http fetch GET 200 https://registry.npmjs.org/has/-/has-1.0.3.tgz 769ms (cache miss)
648 timing reifyNode:node_modules/esformatter/node_modules/has Completed in 875ms
649 http fetch GET 200 https://registry.npmjs.org/fs.realpath/-/fs.realpath-1.0.0.tgz 741ms (cache miss)
650 timing reifyNode:node_modules/esformatter/node_modules/fs.realpath Completed in 875ms
651 http fetch GET 200 https://registry.npmjs.org/has-ansi/-/has-ansi-2.0.0.tgz 736ms (cache miss)
652 timing reifyNode:node_modules/esformatter/node_modules/has-ansi Completed in 875ms
653 http fetch GET 200 https://registry.npmjs.org/ansi-styles/-/ansi-styles-2.2.1.tgz 734ms (cache miss)
654 timing reifyNode:node_modules/esformatter/node_modules/ansi-styles Completed in 875ms
655 http fetch GET 200 https://registry.npmjs.org/babel-messages/-/babel-messages-6.23.0.tgz 712ms (cache miss)
656 timing reifyNode:node_modules/esformatter/node_modules/babel-messages Completed in 875ms
657 http fetch GET 200 https://registry.npmjs.org/commander/-/commander-2.20.3.tgz 803ms (cache miss)
658 timing reifyNode:node_modules/js-beautify/node_modules/commander Completed in 881ms
659 http fetch GET 200 https://registry.npmjs.org/color-convert/-/color-convert-2.0.1.tgz 794ms (cache miss)
660 timing reifyNode:node_modules/esformatter/node_modules/color-convert Completed in 881ms
661 http fetch GET 200 https://registry.npmjs.org/supports-preserve-symlinks-flag/-/supports-preserve-symlinks-flag-1.0.0.tgz 777ms (cache miss)
662 timing reifyNode:node_modules/esformatter/node_modules/supports-preserve-symlinks-flag Completed in 884ms
663 http fetch GET 200 https://registry.npmjs.org/serializerr/-/serializerr-1.0.3.tgz 772ms (cache miss)
664 timing reifyNode:node_modules/esformatter/node_modules/serializerr Completed in 883ms
665 http fetch GET 200 https://registry.npmjs.org/npm-path/-/npm-path-2.0.4.tgz 769ms (cache miss)
666 timing reifyNode:node_modules/esformatter/node_modules/npm-path Completed in 883ms
667 http fetch GET 200 https://registry.npmjs.org/supports-color/-/supports-color-7.2.0.tgz 718ms (cache miss)
668 timing reifyNode:node_modules/esformatter/node_modules/supports-color Completed in 884ms
669 http fetch GET 200 https://registry.npmjs.org/rocambole-whitespace/-/rocambole-whitespace-1.0.0.tgz 715ms (cache miss)
670 timing reifyNode:node_modules/esformatter/node_modules/rocambole-whitespace Completed in 883ms
671 http fetch GET 200 https://registry.npmjs.org/rocambole-linebreak/-/rocambole-linebreak-1.0.2.tgz 701ms (cache miss)
672 timing reifyNode:node_modules/esformatter/node_modules/rocambole-linebreak Completed in 884ms
673 http fetch GET 200 https://registry.npmjs.org/commander/-/commander-2.20.3.tgz 782ms (cache miss)
674 timing reifyNode:node_modules/esformatter/node_modules/commander Completed in 892ms
675 http fetch GET 200 https://registry.npmjs.org/ansi-regex/-/ansi-regex-2.1.1.tgz 763ms (cache miss)
676 timing reifyNode:node_modules/esformatter/node_modules/ansi-regex Completed in 892ms
677 http fetch GET 200 https://registry.npmjs.org/path-is-absolute/-/path-is-absolute-1.0.1.tgz 762ms (cache miss)
678 timing reifyNode:node_modules/esformatter/node_modules/path-is-absolute Completed in 892ms
679 http fetch GET 200 https://registry.npmjs.org/regenerator-runtime/-/regenerator-runtime-0.11.1.tgz 750ms (cache miss)
680 timing reifyNode:node_modules/esformatter/node_modules/regenerator-runtime Completed in 893ms
681 http fetch GET 200 https://registry.npmjs.org/esutils/-/esutils-2.0.3.tgz 747ms (cache miss)
682 timing reifyNode:node_modules/esformatter/node_modules/esutils Completed in 893ms
683 http fetch GET 200 https://registry.npmjs.org/supports-color/-/supports-color-2.0.0.tgz 738ms (cache miss)
684 timing reifyNode:node_modules/esformatter/node_modules/chalk/node_modules/supports-color Completed in 892ms
685 http fetch GET 200 https://registry.npmjs.org/chalk/-/chalk-1.1.3.tgz 740ms (cache miss)
686 timing reifyNode:node_modules/esformatter/node_modules/chalk Completed in 893ms
687 http fetch GET 200 https://registry.npmjs.org/globals/-/globals-9.18.0.tgz 736ms (cache miss)
688 timing reifyNode:node_modules/esformatter/node_modules/globals Completed in 893ms
689 http fetch GET 200 https://registry.npmjs.org/invariant/-/invariant-2.2.4.tgz 737ms (cache miss)
690 timing reifyNode:node_modules/esformatter/node_modules/invariant Completed in 893ms
691 http fetch GET 200 https://registry.npmjs.org/strip-ansi/-/strip-ansi-3.0.1.tgz 760ms (cache miss)
692 timing reifyNode:node_modules/esformatter/node_modules/strip-ansi Completed in 897ms
693 http fetch GET 200 https://registry.npmjs.org/strip-json-comments/-/strip-json-comments-3.1.1.tgz 730ms (cache miss)
694 timing reifyNode:node_modules/esformatter/node_modules/strip-json-comments Completed in 898ms
695 http fetch GET 200 https://registry.npmjs.org/babel-code-frame/-/babel-code-frame-6.26.0.tgz 734ms (cache miss)
696 timing reifyNode:node_modules/esformatter/node_modules/babel-code-frame Completed in 898ms
697 http fetch GET 200 https://registry.npmjs.org/ms/-/ms-2.0.0.tgz 710ms (cache miss)
698 timing reifyNode:node_modules/esformatter/node_modules/rocambole-indent/node_modules/ms Completed in 897ms
699 http fetch GET 200 https://registry.npmjs.org/minimist/-/minimist-1.2.7.tgz 703ms (cache miss)
700 http fetch GET 200 https://registry.npmjs.org/esformatter-parser/-/esformatter-parser-1.0.0.tgz 702ms (cache miss)
701 timing reifyNode:node_modules/esformatter/node_modules/esformatter-parser Completed in 897ms
702 http fetch GET 200 https://registry.npmjs.org/user-home/-/user-home-2.0.0.tgz 737ms (cache miss)
703 timing reifyNode:node_modules/esformatter/node_modules/user-home Completed in 902ms
704 http fetch GET 200 https://registry.npmjs.org/rocambole-token/-/rocambole-token-1.2.1.tgz 722ms (cache miss)
705 timing reifyNode:node_modules/esformatter/node_modules/rocambole-token Completed in 902ms
706 http fetch GET 200 https://registry.npmjs.org/rocambole-node/-/rocambole-node-1.0.0.tgz 721ms (cache miss)
707 timing reifyNode:node_modules/esformatter/node_modules/rocambole-node Completed in 902ms
708 http fetch GET 200 https://registry.npmjs.org/debug/-/debug-4.3.4.tgz 695ms (cache miss)
709 timing reifyNode:node_modules/esformatter/node_modules/debug Completed in 902ms
710 http fetch GET 200 https://registry.npmjs.org/rocambole-indent/-/rocambole-indent-2.0.4.tgz 720ms (cache miss)
711 timing reifyNode:node_modules/esformatter/node_modules/rocambole-indent Completed in 907ms
712 http fetch GET 200 https://registry.npmjs.org/ms/-/ms-2.0.0.tgz 698ms (cache miss)
713 timing reifyNode:node_modules/esformatter/node_modules/babel-traverse/node_modules/ms Completed in 908ms
714 http fetch GET 200 https://registry.npmjs.org/acorn-to-esprima/-/acorn-to-esprima-2.0.8.tgz 695ms (cache miss)
715 timing reifyNode:node_modules/esformatter/node_modules/acorn-to-esprima Completed in 908ms
716 http fetch GET 200 https://registry.npmjs.org/ms/-/ms-2.0.0.tgz 745ms (cache miss)
717 timing reifyNode:node_modules/esformatter/node_modules/rocambole-whitespace/node_modules/ms Completed in 914ms
718 http fetch GET 200 https://registry.npmjs.org/ms/-/ms-2.0.0.tgz 730ms (cache miss)
719 timing reifyNode:node_modules/esformatter/node_modules/rocambole-linebreak/node_modules/ms Completed in 914ms
720 http fetch GET 200 https://registry.npmjs.org/npm-run/-/npm-run-5.0.1.tgz 723ms (cache miss)
721 timing reifyNode:node_modules/esformatter/node_modules/npm-run Completed in 913ms
722 http fetch GET 200 https://registry.npmjs.org/editorconfig/-/editorconfig-0.15.3.tgz 835ms (cache miss)
723 timing reifyNode:node_modules/js-beautify/node_modules/editorconfig Completed in 919ms
724 http fetch GET 200 https://registry.npmjs.org/stdin/-/stdin-0.0.1.tgz 751ms (cache miss)
725 timing reifyNode:node_modules/esformatter/node_modules/stdin Completed in 919ms
726 http fetch GET 200 https://registry.npmjs.org/disparity/-/disparity-3.2.0.tgz 723ms (cache miss)
727 timing reifyNode:node_modules/esformatter/node_modules/disparity Completed in 919ms
728 http fetch GET 200 https://registry.npmjs.org/glob/-/glob-7.2.3.tgz 725ms (cache miss)
729 timing reifyNode:node_modules/esformatter/node_modules/glob Completed in 919ms
730 http fetch GET 200 https://registry.npmjs.org/minimatch/-/minimatch-3.1.2.tgz 730ms (cache miss)
731 timing reifyNode:node_modules/esformatter/node_modules/minimatch Completed in 922ms
732 http fetch GET 200 https://registry.npmjs.org/ansi-styles/-/ansi-styles-4.3.0.tgz 726ms (cache miss)
733 timing reifyNode:node_modules/esformatter/node_modules/disparity/node_modules/ansi-styles Completed in 923ms
734 http fetch GET 200 https://registry.npmjs.org/esprima/-/esprima-2.7.3.tgz 826ms (cache miss)
735 timing reifyNode:node_modules/esformatter/node_modules/esprima Completed in 930ms
736 http fetch GET 200 https://registry.npmjs.org/debug/-/debug-2.6.9.tgz 748ms (cache miss)
737 http fetch GET 200 https://registry.npmjs.org/debug/-/debug-2.6.9.tgz 744ms (cache miss)
738 timing metavuln:cache:put:security-advisory:rocambole-indent:f7sn+dl8MO2ChXz1B01ioUFIgp0dN/FgHqdPpMls4a/meSwHqKxraYIzK+K20vuXKDjzwiBAJ8wepqLdWY4KzA== Completed in 117ms
739 timing metavuln:calculate:security-advisory:rocambole-indent:Y40sg8Y+Z3+x71ysbBp65PH1ZiDM7nbaNkcw5To7P5fNPMNszkYu6GP53BmAHsQ4BR+RhlftRHQUTX/Qz65apg== Completed in 129ms
740 timing auditReport:init Completed in 665ms
741 timing reify:audit Completed in 945ms
742 http fetch GET 200 https://registry.npmjs.org/debug/-/debug-2.6.9.tgz 768ms (cache miss)
743 http fetch GET 200 https://registry.npmjs.org/debug/-/debug-2.6.9.tgz 727ms (cache miss)
744 timing reifyNode:node_modules/esformatter/node_modules/rocambole-linebreak/node_modules/debug Completed in 942ms
745 timing reifyNode:node_modules/esformatter/node_modules/rocambole-indent/node_modules/debug Completed in 942ms
746 timing reifyNode:node_modules/esformatter/node_modules/rocambole-whitespace/node_modules/debug Completed in 942ms
747 http fetch GET 200 https://registry.npmjs.org/babel-types/-/babel-types-6.26.0.tgz 785ms (cache miss)
748 timing reifyNode:node_modules/esformatter/node_modules/babel-traverse/node_modules/debug Completed in 942ms
749 http fetch GET 200 https://registry.npmjs.org/semver/-/semver-4.3.6.tgz 846ms (cache miss)
750 timing reifyNode:node_modules/esformatter/node_modules/babel-types Completed in 949ms
751 timing reifyNode:node_modules/esformatter/node_modules/semver Completed in 953ms
752 timing reifyNode:node_modules/esformatter/node_modules/minimist Completed in 954ms
753 http fetch GET 200 https://registry.npmjs.org/babylon/-/babylon-6.18.0.tgz 814ms (cache miss)
754 timing reifyNode:node_modules/esformatter/node_modules/babylon Completed in 972ms
755 http fetch GET 200 https://registry.npmjs.org/babel-traverse/-/babel-traverse-6.26.0.tgz 794ms (cache miss)
756 timing reifyNode:node_modules/esformatter/node_modules/babel-traverse Completed in 1007ms
757 http fetch GET 200 https://registry.npmjs.org/rocambole/-/rocambole-0.7.0.tgz 825ms (cache miss)
758 timing reifyNode:node_modules/esformatter/node_modules/rocambole Completed in 1015ms
759 http fetch GET 200 https://registry.npmjs.org/diff/-/diff-4.0.2.tgz 899ms (cache miss)
760 timing reifyNode:node_modules/esformatter/node_modules/diff Completed in 1037ms
761 http fetch GET 200 https://registry.npmjs.org/esformatter/-/esformatter-0.11.3.tgz 995ms (cache miss)
762 timing reifyNode:node_modules/esformatter Completed in 1052ms
763 http fetch GET 200 https://registry.npmjs.org/js-beautify/-/js-beautify-1.14.7.tgz 1093ms (cache miss)
764 timing reifyNode:node_modules/js-beautify Completed in 1149ms
765 http fetch GET 200 https://registry.npmjs.org/resolve/-/resolve-1.22.1.tgz 1043ms (cache miss)
766 timing reifyNode:node_modules/esformatter/node_modules/resolve Completed in 1235ms
767 http fetch GET 200 https://registry.npmjs.org/babel-runtime/-/babel-runtime-6.26.0.tgz 1118ms (cache miss)
768 timing reifyNode:node_modules/esformatter/node_modules/babel-runtime Completed in 1280ms
769 http fetch GET 200 https://registry.npmjs.org/mout/-/mout-0.11.1.tgz 1405ms (cache miss)
770 timing reifyNode:node_modules/esformatter/node_modules/rocambole-indent/node_modules/mout Completed in 1595ms
771 http fetch GET 200 https://registry.npmjs.org/mout/-/mout-1.2.4.tgz 1421ms (cache miss)
772 timing reifyNode:node_modules/esformatter/node_modules/mout Completed in 1612ms
773 http fetch GET 200 https://registry.npmjs.org/prettier/-/prettier-2.8.3.tgz 1669ms (cache miss)
774 timing reifyNode:node_modules/prettier Completed in 1724ms
775 http fetch GET 200 https://registry.npmjs.org/lodash/-/lodash-4.17.21.tgz 1686ms (cache miss)
776 timing reifyNode:node_modules/esformatter/node_modules/lodash Completed in 1841ms
777 http fetch GET 200 https://registry.npmjs.org/core-js/-/core-js-2.6.12.tgz 1816ms (cache miss)
778 warn deprecated core-js@2.6.12: core-js@<3.23.3 is no longer maintained and not recommended for usage due to the number of issues. Because of the V8 engine whims, feature detection in old core-js versions could cause a slowdown up to 100x even if nothing is polyfilled. Some versions have web compatibility issues. Please, upgrade your dependencies to the actual version of core-js.
779 timing reifyNode:node_modules/esformatter/node_modules/core-js Completed in 1962ms
780 timing reify:unpack Completed in 1964ms
781 timing reify:unretire Completed in 1ms
782 timing build:queue Completed in 6ms
783 timing build:link:node_modules/esformatter Completed in 10ms
784 timing build:link:node_modules/js-beautify Completed in 10ms
785 timing build:link:node_modules/prettier Completed in 9ms
786 timing build:link:node_modules/esformatter/node_modules/babylon Completed in 9ms
787 timing build:link:node_modules/js-beautify/node_modules/editorconfig Completed in 7ms
788 timing build:link:node_modules/esformatter/node_modules/disparity Completed in 9ms
789 timing build:link:node_modules/esformatter/node_modules/esprima Completed in 9ms
790 timing build:link:node_modules/esformatter/node_modules/loose-envify Completed in 9ms
791 timing build:link:node_modules/esformatter/node_modules/npm-path Completed in 8ms
792 timing build:link:node_modules/esformatter/node_modules/npm-run Completed in 8ms
793 timing build:link:node_modules/esformatter/node_modules/npm-which Completed in 8ms
794 timing build:link:node_modules/esformatter/node_modules/resolve Completed in 8ms
795 timing build:link:node_modules/esformatter/node_modules/semver Completed in 8ms
796 timing build:link:node_modules/esformatter/node_modules/which Completed in 8ms
797 timing build:link:node_modules/js-beautify/node_modules/nopt Completed in 7ms
798 timing build:link:node_modules/js-beautify/node_modules/semver Completed in 7ms
799 timing build:link Completed in 11ms
800 info run core-js@2.6.12 postinstall node_modules/esformatter/node_modules/core-js node -e "try{require('./postinstall')}catch(e){}"
801 info run core-js@2.6.12 postinstall { code: 0, signal: null }
802 timing build:run:postinstall:node_modules/esformatter/node_modules/core-js Completed in 56ms
803 timing build:run:postinstall Completed in 58ms
804 timing build:deps Completed in 75ms
805 timing build Completed in 76ms
806 timing reify:build Completed in 76ms
807 timing reify:trash Completed in 0ms
808 timing reify Completed in 3392ms
809 silly ADD node_modules/prettier
810 silly ADD node_modules/js-beautify
811 silly ADD node_modules/js-beautify/node_modules/abbrev
812 silly ADD node_modules/js-beautify/node_modules/balanced-match
813 silly ADD node_modules/js-beautify/node_modules/brace-expansion
814 silly ADD node_modules/js-beautify/node_modules/yallist
815 silly ADD node_modules/js-beautify/node_modules/pseudomap
816 silly ADD node_modules/js-beautify/node_modules/wrappy
817 silly ADD node_modules/js-beautify/node_modules/once
818 silly ADD node_modules/js-beautify/node_modules/minimatch
819 silly ADD node_modules/js-beautify/node_modules/inherits
820 silly ADD node_modules/js-beautify/node_modules/inflight
821 silly ADD node_modules/js-beautify/node_modules/fs.realpath
822 silly ADD node_modules/js-beautify/node_modules/sigmund
823 silly ADD node_modules/js-beautify/node_modules/semver
824 silly ADD node_modules/js-beautify/node_modules/lru-cache
825 silly ADD node_modules/js-beautify/node_modules/commander
826 silly ADD node_modules/js-beautify/node_modules/proto-list
827 silly ADD node_modules/js-beautify/node_modules/ini
828 silly ADD node_modules/js-beautify/node_modules/nopt
829 silly ADD node_modules/js-beautify/node_modules/glob
830 silly ADD node_modules/js-beautify/node_modules/editorconfig
831 silly ADD node_modules/js-beautify/node_modules/config-chain
832 silly ADD node_modules/esformatter
833 silly ADD node_modules/esformatter/node_modules/color-name
834 silly ADD node_modules/esformatter/node_modules/color-convert
835 silly ADD node_modules/esformatter/node_modules/isexe
836 silly ADD node_modules/esformatter/node_modules/os-homedir
837 silly ADD node_modules/esformatter/node_modules/has-flag
838 silly ADD node_modules/esformatter/node_modules/protochain
839 silly ADD node_modules/esformatter/node_modules/repeat-string
840 silly ADD node_modules/esformatter/node_modules/semver
841 silly ADD node_modules/esformatter/node_modules/esprima
842 silly ADD node_modules/esformatter/node_modules/function-bind
843 silly ADD node_modules/esformatter/node_modules/has
844 silly ADD node_modules/esformatter/node_modules/supports-preserve-symlinks-flag
845 silly ADD node_modules/esformatter/node_modules/path-parse
846 silly ADD node_modules/esformatter/node_modules/is-core-module
847 silly ADD node_modules/esformatter/node_modules/commander
848 silly ADD node_modules/esformatter/node_modules/which
849 silly ADD node_modules/esformatter/node_modules/serializerr
850 silly ADD node_modules/esformatter/node_modules/npm-which
851 silly ADD node_modules/esformatter/node_modules/npm-path
852 silly ADD node_modules/esformatter/node_modules/concat-map
853 silly ADD node_modules/esformatter/node_modules/balanced-match
854 silly ADD node_modules/esformatter/node_modules/brace-expansion
855 silly ADD node_modules/esformatter/node_modules/loose-envify
856 silly ADD node_modules/esformatter/node_modules/wrappy
857 silly ADD node_modules/esformatter/node_modules/ansi-regex
858 silly ADD node_modules/esformatter/node_modules/path-is-absolute
859 silly ADD node_modules/esformatter/node_modules/once
860 silly ADD node_modules/esformatter/node_modules/inherits
861 silly ADD node_modules/esformatter/node_modules/inflight
862 silly ADD node_modules/esformatter/node_modules/fs.realpath
863 silly ADD node_modules/esformatter/node_modules/diff
864 silly ADD node_modules/esformatter/node_modules/ms
865 silly ADD node_modules/esformatter/node_modules/strip-ansi
866 silly ADD node_modules/esformatter/node_modules/has-ansi
867 silly ADD node_modules/esformatter/node_modules/escape-string-regexp
868 silly ADD node_modules/esformatter/node_modules/ansi-styles
869 silly ADD node_modules/esformatter/node_modules/to-fast-properties
870 silly ADD node_modules/esformatter/node_modules/regenerator-runtime
871 silly ADD node_modules/esformatter/node_modules/core-js
872 silly ADD node_modules/esformatter/node_modules/js-tokens
873 silly ADD node_modules/esformatter/node_modules/esutils
874 silly ADD node_modules/esformatter/node_modules/chalk
875 silly ADD node_modules/esformatter/node_modules/chalk/node_modules/supports-color
876 silly ADD node_modules/esformatter/node_modules/lodash
877 silly ADD node_modules/esformatter/node_modules/invariant
878 silly ADD node_modules/esformatter/node_modules/globals
879 silly ADD node_modules/esformatter/node_modules/babylon
880 silly ADD node_modules/esformatter/node_modules/babel-types
881 silly ADD node_modules/esformatter/node_modules/babel-runtime
882 silly ADD node_modules/esformatter/node_modules/babel-messages
883 silly ADD node_modules/esformatter/node_modules/babel-code-frame
884 silly ADD node_modules/esformatter/node_modules/user-home
885 silly ADD node_modules/esformatter/node_modules/supports-color
886 silly ADD node_modules/esformatter/node_modules/strip-json-comments
887 silly ADD node_modules/esformatter/node_modules/stdin
888 silly ADD node_modules/esformatter/node_modules/rocambole-whitespace
889 silly ADD node_modules/esformatter/node_modules/rocambole-whitespace/node_modules/ms
890 silly ADD node_modules/esformatter/node_modules/rocambole-whitespace/node_modules/debug
891 silly ADD node_modules/esformatter/node_modules/rocambole-token
892 silly ADD node_modules/esformatter/node_modules/rocambole-node
893 silly ADD node_modules/esformatter/node_modules/rocambole-linebreak
894 silly ADD node_modules/esformatter/node_modules/rocambole-linebreak/node_modules/ms
895 silly ADD node_modules/esformatter/node_modules/rocambole-linebreak/node_modules/debug
896 silly ADD node_modules/esformatter/node_modules/rocambole-indent
897 silly ADD node_modules/esformatter/node_modules/rocambole-indent/node_modules/ms
898 silly ADD node_modules/esformatter/node_modules/rocambole-indent/node_modules/mout
899 silly ADD node_modules/esformatter/node_modules/rocambole-indent/node_modules/debug
900 silly ADD node_modules/esformatter/node_modules/rocambole
901 silly ADD node_modules/esformatter/node_modules/resolve
902 silly ADD node_modules/esformatter/node_modules/npm-run
903 silly ADD node_modules/esformatter/node_modules/mout
904 silly ADD node_modules/esformatter/node_modules/minimist
905 silly ADD node_modules/esformatter/node_modules/minimatch
906 silly ADD node_modules/esformatter/node_modules/glob
907 silly ADD node_modules/esformatter/node_modules/esformatter-parser
908 silly ADD node_modules/esformatter/node_modules/disparity
909 silly ADD node_modules/esformatter/node_modules/disparity/node_modules/ansi-styles
910 silly ADD node_modules/esformatter/node_modules/debug
911 silly ADD node_modules/esformatter/node_modules/babel-traverse
912 silly ADD node_modules/esformatter/node_modules/babel-traverse/node_modules/ms
913 silly ADD node_modules/esformatter/node_modules/babel-traverse/node_modules/debug
914 silly ADD node_modules/esformatter/node_modules/acorn-to-esprima
915 timing command:install Completed in 3402ms
916 verbose exit 0
917 timing npm Completed in 3515ms
918 info ok
